2024-07-08 12:56:54,058 - classes.preprocessing_functions - INFO - read_data(): Read data from path C:\Users\NikolasTheol\Documents\data_subset
2024-07-08 12:56:54,062 - classes.preprocessing_functions - INFO - read_data(): 1 variables are read: ['f3']
2024-07-08 12:57:32,564 - classes.preprocessing_functions - INFO - read_data(): Read data from path C:\data_subset
2024-07-08 12:57:32,568 - classes.preprocessing_functions - INFO - read_data(): 1 variables are read: ['f3']
2024-07-08 12:57:40,276 - classes.preprocessing_functions - INFO - read_data(): Read data from path C:\Users\NikolasTheol\Documents\GitLab\data_subset
2024-07-08 12:57:40,281 - classes.preprocessing_functions - INFO - read_data(): 1 variables are read: ['f3']
2024-07-08 12:58:06,751 - classes.preprocessing_functions - INFO - read_data(): Read data from path data_subset
2024-07-08 12:58:06,753 - classes.preprocessing_functions - INFO - read_data(): 1 variables are read: ['f3']
2024-07-08 12:58:22,551 - classes.preprocessing_functions - INFO - read_data(): Number of files read 648
2024-07-08 12:58:22,556 - __main__ - INFO - Summary of timeseries length count      648.000000
mean     18858.092593
std        381.049219
min      18493.000000
25%      18521.000000
50%      18525.000000
75%      19293.000000
max      19309.000000
dtype: float64
2024-07-08 12:58:27,607 - classes.preprocessing_functions - INFO - add_padding(): Matching the length of the time series adding padding
2024-07-08 12:58:27,660 - __main__ - INFO - SHAPE X (648, 19309, 1)
2024-07-08 12:58:27,663 - __main__ - INFO - Number of timeseries 648
2024-07-08 12:58:27,664 - __main__ - INFO - Number of points 19309
2024-07-08 12:58:27,666 - __main__ - INFO - Number of features 1
2024-07-08 12:58:27,669 - __main__ - INFO - SHAPE X (648, 3)
2024-07-08 12:58:27,671 - __main__ - INFO - Number of timeseries 648
2024-07-08 12:58:27,673 - __main__ - INFO - Number of classes 3
2024-07-10 13:31:04,278 - classes.preprocessing_functions - INFO - read_data(): Read data from path data_subset
2024-07-10 13:31:04,281 - classes.preprocessing_functions - INFO - read_data(): 1 variables are read: ['f3']
2024-07-10 13:31:43,386 - classes.preprocessing_functions - INFO - read_data(): Number of files read 648
2024-07-10 13:32:04,378 - classes.preprocessing_functions - INFO - read_data(): Read data from path data_subset
2024-07-10 13:32:04,379 - classes.preprocessing_functions - INFO - read_data(): 1 variables are read: ['f3']
2024-07-10 13:32:27,646 - classes.preprocessing_functions - INFO - read_data(): Number of files read 648
2024-07-10 13:32:52,134 - classes.preprocessing_functions - INFO - read_data(): Read data from path data_subset
2024-07-10 13:32:52,138 - classes.preprocessing_functions - INFO - read_data(): 1 variables are read: ['f3']
2024-07-10 13:33:19,062 - classes.preprocessing_functions - INFO - read_data(): Number of files read 648
2024-07-10 13:33:21,089 - classes.preprocessing_functions - INFO - add_padding(): Matching the length of the time series adding padding
2024-07-10 13:33:29,034 - classes.preprocessing_functions - INFO - add_padding(): Matching the length of the time series adding padding
2024-07-10 13:39:23,144 - classes.preprocessing_functions - INFO - read_data(): Read data from path data_subset
2024-07-10 13:39:23,146 - classes.preprocessing_functions - INFO - read_data(): 1 variables are read: ['f3']
2024-07-10 13:39:45,545 - classes.preprocessing_functions - INFO - read_data(): Number of files read 648
2024-07-10 13:39:45,571 - classes.preprocessing_functions - INFO - add_padding(): Matching the length of the time series adding padding
2024-07-10 13:42:11,153 - classes.preprocessing_functions - INFO - read_data(): Read data from path data_subset
2024-07-10 13:42:11,156 - classes.preprocessing_functions - INFO - read_data(): 1 variables are read: ['f3']
2024-07-10 13:42:35,570 - classes.preprocessing_functions - INFO - read_data(): Number of files read 648
2024-07-10 13:42:35,598 - classes.preprocessing_functions - INFO - add_padding(): Matching the length of the time series adding padding
2024-07-10 13:49:03,088 - classes.preprocessing_functions - INFO - read_data(): Read data from path data_subset
2024-07-10 13:49:03,092 - classes.preprocessing_functions - INFO - read_data(): 1 variables are read: ['f3']
2024-07-10 13:49:28,654 - classes.preprocessing_functions - INFO - read_data(): Number of files read 648
2024-07-10 13:49:28,682 - classes.preprocessing_functions - INFO - add_padding(): Matching the length of the time series adding padding
2024-07-10 13:54:37,290 - classes.preprocessing_functions - INFO - read_data(): Read data from path data_subset
2024-07-10 13:54:37,294 - classes.preprocessing_functions - INFO - read_data(): 1 variables are read: ['f3']
2024-07-10 13:55:05,938 - classes.preprocessing_functions - INFO - read_data(): Number of files read 648
2024-07-10 13:55:06,021 - classes.preprocessing_functions - INFO - add_padding(): Matching the length of the time series adding padding
2024-07-10 13:57:54,563 - classes.preprocessing_functions - INFO - read_data(): Read data from path data_subset
2024-07-10 13:57:54,566 - classes.preprocessing_functions - INFO - read_data(): 1 variables are read: ['f3']
2024-07-10 13:58:21,753 - classes.preprocessing_functions - INFO - read_data(): Number of files read 648
2024-07-10 13:58:21,840 - classes.preprocessing_functions - INFO - add_padding(): Matching the length of the time series adding padding
2024-07-10 14:23:52,944 - modules.ALE_generic - INFO - Discrete feature detected.
2024-07-10 14:25:31,351 - modules.ALE_generic - INFO - Discrete feature detected.
2024-07-10 15:14:12,563 - classes.preprocessing_functions - INFO - read_data(): Read data from path data_subset
2024-07-10 15:14:12,566 - classes.preprocessing_functions - INFO - read_data(): 1 variables are read: ['f3']
2024-07-10 15:14:54,043 - classes.preprocessing_functions - INFO - read_data(): Number of files read 648
2024-07-10 15:14:54,094 - classes.preprocessing_functions - INFO - add_padding(): Matching the length of the time series adding padding
2024-07-10 15:20:36,741 - classes.preprocessing_functions - INFO - read_data(): Read data from path data_subset
2024-07-10 15:20:36,748 - classes.preprocessing_functions - INFO - read_data(): 1 variables are read: ['f3']
2024-07-10 15:20:57,560 - classes.preprocessing_functions - INFO - read_data(): Number of files read 648
2024-07-10 15:20:57,576 - classes.preprocessing_functions - INFO - add_padding(): Matching the length of the time series adding padding
2024-07-10 16:17:52,602 - classes.preprocessing_functions - INFO - read_data(): Read data from path data_subset
2024-07-10 16:17:52,604 - classes.preprocessing_functions - INFO - read_data(): 1 variables are read: ['f3']
2024-07-10 16:18:18,148 - classes.preprocessing_functions - INFO - read_data(): Number of files read 648
2024-07-10 16:18:18,180 - classes.preprocessing_functions - INFO - add_padding(): Matching the length of the time series adding padding
2024-07-10 20:20:29,120 - tensorflow - WARNING - 5 out of the last 19 calls to <function TensorFlowTrainer.make_predict_function.<locals>.one_step_on_data_distributed at 0x000001ECF15D2200> triggered tf.function retracing. Tracing is expensive and the excessive number of tracings could be due to (1) creating @tf.function repeatedly in a loop, (2) passing tensors with different shapes, (3) passing Python objects instead of tensors. For (1), please define your @tf.function outside of the loop. For (2), @tf.function has reduce_retracing=True option that can avoid unnecessary retracing. For (3), please refer to https://www.tensorflow.org/guide/function#controlling_retracing and https://www.tensorflow.org/api_docs/python/tf/function for  more details.
2024-07-10 20:21:02,509 - tensorflow - WARNING - 5 out of the last 13 calls to <function TensorFlowTrainer.make_predict_function.<locals>.one_step_on_data_distributed at 0x000001ED8306A440> triggered tf.function retracing. Tracing is expensive and the excessive number of tracings could be due to (1) creating @tf.function repeatedly in a loop, (2) passing tensors with different shapes, (3) passing Python objects instead of tensors. For (1), please define your @tf.function outside of the loop. For (2), @tf.function has reduce_retracing=True option that can avoid unnecessary retracing. For (3), please refer to https://www.tensorflow.org/guide/function#controlling_retracing and https://www.tensorflow.org/api_docs/python/tf/function for  more details.
2024-07-11 09:56:36,622 - classes.preprocessing_functions - INFO - read_data(): Read data from path data_subset
2024-07-11 09:56:36,624 - classes.preprocessing_functions - INFO - read_data(): 1 variables are read: ['f3']
2024-07-11 09:58:05,645 - classes.preprocessing_functions - INFO - read_data(): Number of files read 648
2024-07-11 09:58:05,672 - classes.preprocessing_functions - INFO - add_padding(): Matching the length of the time series adding padding
2024-07-11 10:02:38,754 - tensorflow - WARNING - 5 out of the last 15 calls to <function TensorFlowTrainer.make_predict_function.<locals>.one_step_on_data_distributed at 0x000001325C5F83A0> triggered tf.function retracing. Tracing is expensive and the excessive number of tracings could be due to (1) creating @tf.function repeatedly in a loop, (2) passing tensors with different shapes, (3) passing Python objects instead of tensors. For (1), please define your @tf.function outside of the loop. For (2), @tf.function has reduce_retracing=True option that can avoid unnecessary retracing. For (3), please refer to https://www.tensorflow.org/guide/function#controlling_retracing and https://www.tensorflow.org/api_docs/python/tf/function for  more details.
2024-07-11 10:03:52,432 - tensorflow - WARNING - 5 out of the last 15 calls to <function TensorFlowTrainer.make_predict_function.<locals>.one_step_on_data_distributed at 0x0000013254053D90> triggered tf.function retracing. Tracing is expensive and the excessive number of tracings could be due to (1) creating @tf.function repeatedly in a loop, (2) passing tensors with different shapes, (3) passing Python objects instead of tensors. For (1), please define your @tf.function outside of the loop. For (2), @tf.function has reduce_retracing=True option that can avoid unnecessary retracing. For (3), please refer to https://www.tensorflow.org/guide/function#controlling_retracing and https://www.tensorflow.org/api_docs/python/tf/function for  more details.
2024-07-11 17:04:43,902 - classes.preprocessing_functions - INFO - read_data(): Read data from path data_subset
2024-07-11 17:04:43,908 - classes.preprocessing_functions - INFO - read_data(): 1 variables are read: ['f3']
2024-07-11 17:05:19,963 - classes.preprocessing_functions - INFO - read_data(): Number of files read 648
2024-07-11 17:05:19,988 - classes.preprocessing_functions - INFO - add_padding(): Matching the length of the time series adding padding
2024-07-11 18:31:07,065 - classes.preprocessing_functions - INFO - read_data(): Read data from path data_subset
2024-07-11 18:31:07,077 - classes.preprocessing_functions - INFO - read_data(): 1 variables are read: ['f3']
2024-07-11 18:31:34,070 - classes.preprocessing_functions - INFO - read_data(): Number of files read 648
2024-07-11 18:31:34,096 - classes.preprocessing_functions - INFO - add_padding(): Matching the length of the time series adding padding
2024-07-11 22:44:29,974 - tensorflow - WARNING - 5 out of the last 16 calls to <function TensorFlowTrainer.make_predict_function.<locals>.one_step_on_data_distributed at 0x000001E4927A97E0> triggered tf.function retracing. Tracing is expensive and the excessive number of tracings could be due to (1) creating @tf.function repeatedly in a loop, (2) passing tensors with different shapes, (3) passing Python objects instead of tensors. For (1), please define your @tf.function outside of the loop. For (2), @tf.function has reduce_retracing=True option that can avoid unnecessary retracing. For (3), please refer to https://www.tensorflow.org/guide/function#controlling_retracing and https://www.tensorflow.org/api_docs/python/tf/function for  more details.
2024-07-11 22:45:39,291 - tensorflow - WARNING - 5 out of the last 13 calls to <function TensorFlowTrainer.make_predict_function.<locals>.one_step_on_data_distributed at 0x000001E493B9C430> triggered tf.function retracing. Tracing is expensive and the excessive number of tracings could be due to (1) creating @tf.function repeatedly in a loop, (2) passing tensors with different shapes, (3) passing Python objects instead of tensors. For (1), please define your @tf.function outside of the loop. For (2), @tf.function has reduce_retracing=True option that can avoid unnecessary retracing. For (3), please refer to https://www.tensorflow.org/guide/function#controlling_retracing and https://www.tensorflow.org/api_docs/python/tf/function for  more details.
2024-07-12 10:02:35,042 - classes.preprocessing_functions - INFO - read_data(): Read data from path data_subset
2024-07-12 10:02:35,043 - classes.preprocessing_functions - INFO - read_data(): 1 variables are read: ['f3']
2024-07-12 10:10:37,393 - classes.preprocessing_functions - INFO - read_data(): Read data from path data_subset
2024-07-12 10:10:37,396 - classes.preprocessing_functions - INFO - read_data(): 1 variables are read: ['f3']
2024-07-12 10:11:04,969 - classes.preprocessing_functions - INFO - read_data(): Number of files read 648
2024-07-12 10:11:04,999 - classes.preprocessing_functions - INFO - add_padding(): Matching the length of the time series adding padding
2024-07-12 13:37:07,087 - tensorflow - WARNING - 5 out of the last 15 calls to <function TensorFlowTrainer.make_predict_function.<locals>.one_step_on_data_distributed at 0x0000020E116DD6C0> triggered tf.function retracing. Tracing is expensive and the excessive number of tracings could be due to (1) creating @tf.function repeatedly in a loop, (2) passing tensors with different shapes, (3) passing Python objects instead of tensors. For (1), please define your @tf.function outside of the loop. For (2), @tf.function has reduce_retracing=True option that can avoid unnecessary retracing. For (3), please refer to https://www.tensorflow.org/guide/function#controlling_retracing and https://www.tensorflow.org/api_docs/python/tf/function for  more details.
2024-07-12 13:37:07,661 - tensorflow - WARNING - 5 out of the last 11 calls to <function TensorFlowTrainer.make_predict_function.<locals>.one_step_on_data_distributed at 0x0000020E116DD6C0> triggered tf.function retracing. Tracing is expensive and the excessive number of tracings could be due to (1) creating @tf.function repeatedly in a loop, (2) passing tensors with different shapes, (3) passing Python objects instead of tensors. For (1), please define your @tf.function outside of the loop. For (2), @tf.function has reduce_retracing=True option that can avoid unnecessary retracing. For (3), please refer to https://www.tensorflow.org/guide/function#controlling_retracing and https://www.tensorflow.org/api_docs/python/tf/function for  more details.
2024-07-12 15:51:38,150 - classes.preprocessing_functions - INFO - read_data(): Read data from path data_subset
2024-07-12 15:51:38,152 - classes.preprocessing_functions - INFO - read_data(): 1 variables are read: ['f3']
2024-07-12 15:52:30,026 - classes.preprocessing_functions - INFO - read_data(): Number of files read 648
2024-07-12 15:52:30,055 - classes.preprocessing_functions - INFO - add_padding(): Matching the length of the time series adding padding
2024-07-12 19:39:51,394 - tensorflow - WARNING - 5 out of the last 15 calls to <function TensorFlowTrainer.make_predict_function.<locals>.one_step_on_data_distributed at 0x0000020F885FD5A0> triggered tf.function retracing. Tracing is expensive and the excessive number of tracings could be due to (1) creating @tf.function repeatedly in a loop, (2) passing tensors with different shapes, (3) passing Python objects instead of tensors. For (1), please define your @tf.function outside of the loop. For (2), @tf.function has reduce_retracing=True option that can avoid unnecessary retracing. For (3), please refer to https://www.tensorflow.org/guide/function#controlling_retracing and https://www.tensorflow.org/api_docs/python/tf/function for  more details.
2024-07-12 19:39:52,117 - tensorflow - WARNING - 5 out of the last 11 calls to <function TensorFlowTrainer.make_predict_function.<locals>.one_step_on_data_distributed at 0x0000020F885FD5A0> triggered tf.function retracing. Tracing is expensive and the excessive number of tracings could be due to (1) creating @tf.function repeatedly in a loop, (2) passing tensors with different shapes, (3) passing Python objects instead of tensors. For (1), please define your @tf.function outside of the loop. For (2), @tf.function has reduce_retracing=True option that can avoid unnecessary retracing. For (3), please refer to https://www.tensorflow.org/guide/function#controlling_retracing and https://www.tensorflow.org/api_docs/python/tf/function for  more details.
2024-07-15 12:26:06,132 - classes.preprocessing_functions - INFO - read_data(): Read data from path data_subset
2024-07-15 12:26:06,140 - classes.preprocessing_functions - INFO - read_data(): 1 variables are read: ['f3']
2024-07-15 12:26:27,855 - classes.preprocessing_functions - INFO - read_data(): Number of files read 648
2024-07-15 12:26:27,880 - classes.preprocessing_functions - INFO - add_padding(): Matching the length of the time series adding padding
2024-07-22 10:06:06,355 - classes.preprocessing_functions - INFO - read_data(): Read data from path data_subset
2024-07-22 10:06:06,365 - classes.preprocessing_functions - INFO - read_data(): 1 variables are read: ['f3']
2024-07-22 10:06:42,074 - classes.preprocessing_functions - INFO - read_data(): Number of files read 648
2024-07-22 10:06:42,101 - classes.preprocessing_functions - INFO - add_padding(): Matching the length of the time series adding padding
2024-07-22 10:10:43,823 - classes.preprocessing_functions - INFO - read_data(): Read data from path data_subset
2024-07-22 10:10:43,826 - classes.preprocessing_functions - INFO - read_data(): 1 variables are read: ['f3']
2024-07-22 10:11:00,941 - classes.preprocessing_functions - INFO - read_data(): Number of files read 648
2024-07-22 10:11:00,980 - classes.preprocessing_functions - INFO - add_padding(): Matching the length of the time series adding padding
2024-07-22 10:30:20,783 - classes.preprocessing_functions - INFO - read_data(): Read data from path data_subset
2024-07-22 10:30:20,786 - classes.preprocessing_functions - INFO - read_data(): 1 variables are read: ['f3']
2024-07-22 10:30:46,826 - classes.preprocessing_functions - INFO - read_data(): Number of files read 648
2024-07-22 10:30:46,871 - classes.preprocessing_functions - INFO - add_padding(): Matching the length of the time series adding padding
2024-07-22 11:10:49,717 - tensorflow - WARNING - 5 out of the last 11 calls to <function TensorFlowTrainer.make_predict_function.<locals>.one_step_on_data_distributed at 0x0000018F4B675990> triggered tf.function retracing. Tracing is expensive and the excessive number of tracings could be due to (1) creating @tf.function repeatedly in a loop, (2) passing tensors with different shapes, (3) passing Python objects instead of tensors. For (1), please define your @tf.function outside of the loop. For (2), @tf.function has reduce_retracing=True option that can avoid unnecessary retracing. For (3), please refer to https://www.tensorflow.org/guide/function#controlling_retracing and https://www.tensorflow.org/api_docs/python/tf/function for  more details.
2024-07-22 11:10:57,199 - tensorflow - WARNING - 5 out of the last 11 calls to <function TensorFlowTrainer.make_predict_function.<locals>.one_step_on_data_distributed at 0x0000018F4B675990> triggered tf.function retracing. Tracing is expensive and the excessive number of tracings could be due to (1) creating @tf.function repeatedly in a loop, (2) passing tensors with different shapes, (3) passing Python objects instead of tensors. For (1), please define your @tf.function outside of the loop. For (2), @tf.function has reduce_retracing=True option that can avoid unnecessary retracing. For (3), please refer to https://www.tensorflow.org/guide/function#controlling_retracing and https://www.tensorflow.org/api_docs/python/tf/function for  more details.
2024-07-22 11:39:58,083 - classes.preprocessing_functions - INFO - read_data(): Read data from path data_subset
2024-07-22 11:39:58,085 - classes.preprocessing_functions - INFO - read_data(): 1 variables are read: ['f3']
2024-07-22 11:40:50,272 - classes.preprocessing_functions - INFO - read_data(): Number of files read 648
2024-07-22 11:40:50,308 - classes.preprocessing_functions - INFO - add_padding(): Matching the length of the time series adding padding
2024-07-22 12:17:06,171 - tensorflow - WARNING - 5 out of the last 11 calls to <function TensorFlowTrainer.make_predict_function.<locals>.one_step_on_data_distributed at 0x000002A745251990> triggered tf.function retracing. Tracing is expensive and the excessive number of tracings could be due to (1) creating @tf.function repeatedly in a loop, (2) passing tensors with different shapes, (3) passing Python objects instead of tensors. For (1), please define your @tf.function outside of the loop. For (2), @tf.function has reduce_retracing=True option that can avoid unnecessary retracing. For (3), please refer to https://www.tensorflow.org/guide/function#controlling_retracing and https://www.tensorflow.org/api_docs/python/tf/function for  more details.
2024-07-22 12:17:12,728 - tensorflow - WARNING - 5 out of the last 11 calls to <function TensorFlowTrainer.make_predict_function.<locals>.one_step_on_data_distributed at 0x000002A745251990> triggered tf.function retracing. Tracing is expensive and the excessive number of tracings could be due to (1) creating @tf.function repeatedly in a loop, (2) passing tensors with different shapes, (3) passing Python objects instead of tensors. For (1), please define your @tf.function outside of the loop. For (2), @tf.function has reduce_retracing=True option that can avoid unnecessary retracing. For (3), please refer to https://www.tensorflow.org/guide/function#controlling_retracing and https://www.tensorflow.org/api_docs/python/tf/function for  more details.
2024-07-22 16:09:22,121 - classes.preprocessing_functions - INFO - read_data(): Read data from path data_subset
2024-07-22 16:09:22,124 - classes.preprocessing_functions - INFO - read_data(): 1 variables are read: ['f3']
2024-07-22 16:09:52,352 - classes.preprocessing_functions - INFO - read_data(): Number of files read 648
2024-07-22 16:09:52,372 - classes.preprocessing_functions - INFO - add_padding(): Matching the length of the time series adding padding
2024-07-22 16:21:58,090 - classes.preprocessing_functions - INFO - read_data(): Read data from path data_subset
2024-07-22 16:21:58,092 - classes.preprocessing_functions - INFO - read_data(): 1 variables are read: ['f3']
2024-07-22 16:22:21,433 - classes.preprocessing_functions - INFO - read_data(): Number of files read 648
2024-07-22 16:22:21,452 - classes.preprocessing_functions - INFO - add_padding(): Matching the length of the time series adding padding
2024-07-22 17:04:12,922 - classes.preprocessing_functions - INFO - read_data(): Read data from path data_subset
2024-07-22 17:04:12,925 - classes.preprocessing_functions - INFO - read_data(): 1 variables are read: ['f3']
2024-07-22 17:04:39,371 - classes.preprocessing_functions - INFO - read_data(): Read data from path data_subset
2024-07-22 17:04:39,374 - classes.preprocessing_functions - INFO - read_data(): 1 variables are read: ['f3']
2024-07-22 17:05:04,953 - classes.preprocessing_functions - INFO - read_data(): Number of files read 648
2024-07-22 17:05:04,975 - classes.preprocessing_functions - INFO - add_padding(): Matching the length of the time series adding padding
2024-07-22 17:08:55,290 - classes.preprocessing_functions - INFO - read_data(): Read data from path data_subset
2024-07-22 17:08:55,294 - classes.preprocessing_functions - INFO - read_data(): 1 variables are read: ['f3']
2024-07-22 17:09:19,616 - classes.preprocessing_functions - INFO - read_data(): Number of files read 648
2024-07-22 17:09:19,647 - classes.preprocessing_functions - INFO - add_padding(): Matching the length of the time series adding padding
2024-07-23 09:58:18,791 - classes.preprocessing_functions - INFO - read_data(): Read data from path data_subset
2024-07-23 09:58:18,794 - classes.preprocessing_functions - INFO - read_data(): 1 variables are read: ['f3']
2024-07-23 09:58:39,997 - classes.preprocessing_functions - INFO - read_data(): Number of files read 648
2024-07-23 09:58:56,687 - classes.preprocessing_functions - INFO - add_padding(): Matching the length of the time series adding padding
2024-07-23 15:13:00,717 - classes.preprocessing_functions - INFO - read_data(): Read data from path data_subset
2024-07-23 15:13:00,720 - classes.preprocessing_functions - INFO - read_data(): 1 variables are read: ['f3']
2024-07-23 15:13:30,945 - classes.preprocessing_functions - INFO - read_data(): Number of files read 648
2024-07-23 15:13:31,009 - classes.preprocessing_functions - INFO - add_padding(): Matching the length of the time series adding padding
2024-07-23 15:17:38,726 - classes.preprocessing_functions - INFO - read_data(): Read data from path data_subset
2024-07-23 15:17:38,729 - classes.preprocessing_functions - INFO - read_data(): 1 variables are read: ['f3']
2024-07-23 15:18:03,512 - classes.preprocessing_functions - INFO - read_data(): Number of files read 648
2024-07-23 15:18:03,541 - classes.preprocessing_functions - INFO - add_padding(): Matching the length of the time series adding padding
2024-07-23 16:46:57,783 - classes.preprocessing_functions - INFO - read_data(): Read data from path data_subset
2024-07-23 16:46:57,787 - classes.preprocessing_functions - INFO - read_data(): 1 variables are read: ['f3']
2024-07-23 16:47:21,869 - classes.preprocessing_functions - INFO - read_data(): Number of files read 648
2024-07-23 16:47:21,896 - classes.preprocessing_functions - INFO - add_padding(): Matching the length of the time series adding padding
2024-07-24 10:36:03,050 - classes.preprocessing_functions - INFO - read_data(): Read data from path data_subset
2024-07-24 10:36:03,054 - classes.preprocessing_functions - INFO - read_data(): 1 variables are read: ['f3']
2024-07-24 10:37:41,766 - classes.preprocessing_functions - INFO - read_data(): Number of files read 648
2024-07-24 10:37:42,563 - classes.preprocessing_functions - INFO - add_padding(): Matching the length of the time series adding padding
2024-07-24 11:08:25,473 - classes.preprocessing_functions - INFO - read_data(): Read data from path data_subset
2024-07-24 11:08:25,475 - classes.preprocessing_functions - INFO - read_data(): 1 variables are read: ['f3']
2024-07-24 11:08:57,819 - classes.preprocessing_functions - INFO - read_data(): Read data from path data_subset
2024-07-24 11:08:57,820 - classes.preprocessing_functions - INFO - read_data(): 1 variables are read: ['f3']
2024-07-24 11:09:19,454 - classes.preprocessing_functions - INFO - read_data(): Number of files read 648
2024-07-24 11:09:19,481 - classes.preprocessing_functions - INFO - add_padding(): Matching the length of the time series adding padding
2024-07-24 12:38:12,630 - classes.preprocessing_functions - INFO - read_data(): Read data from path data_subset
2024-07-24 12:38:12,633 - classes.preprocessing_functions - INFO - read_data(): 1 variables are read: ['f3']
2024-07-24 12:39:34,870 - classes.preprocessing_functions - INFO - read_data(): Number of files read 648
2024-07-24 12:39:34,902 - classes.preprocessing_functions - INFO - add_padding(): Matching the length of the time series adding padding
2024-07-24 13:13:49,930 - classes.preprocessing_functions - INFO - read_data(): Read data from path data_subset
2024-07-24 13:13:49,934 - classes.preprocessing_functions - INFO - read_data(): 1 variables are read: ['f3']
2024-07-24 13:14:46,131 - classes.preprocessing_functions - INFO - read_data(): Number of files read 648
2024-07-24 13:14:46,156 - classes.preprocessing_functions - INFO - add_padding(): Matching the length of the time series adding padding
2024-07-25 12:55:45,774 - tensorflow - WARNING - 5 out of the last 15 calls to <function TensorFlowTrainer.make_predict_function.<locals>.one_step_on_data_distributed at 0x000001E690F5EC20> triggered tf.function retracing. Tracing is expensive and the excessive number of tracings could be due to (1) creating @tf.function repeatedly in a loop, (2) passing tensors with different shapes, (3) passing Python objects instead of tensors. For (1), please define your @tf.function outside of the loop. For (2), @tf.function has reduce_retracing=True option that can avoid unnecessary retracing. For (3), please refer to https://www.tensorflow.org/guide/function#controlling_retracing and https://www.tensorflow.org/api_docs/python/tf/function for  more details.
2024-07-25 12:55:48,285 - tensorflow - WARNING - 5 out of the last 11 calls to <function TensorFlowTrainer.make_predict_function.<locals>.one_step_on_data_distributed at 0x000001E690F5EC20> triggered tf.function retracing. Tracing is expensive and the excessive number of tracings could be due to (1) creating @tf.function repeatedly in a loop, (2) passing tensors with different shapes, (3) passing Python objects instead of tensors. For (1), please define your @tf.function outside of the loop. For (2), @tf.function has reduce_retracing=True option that can avoid unnecessary retracing. For (3), please refer to https://www.tensorflow.org/guide/function#controlling_retracing and https://www.tensorflow.org/api_docs/python/tf/function for  more details.
2024-07-25 15:40:54,020 - classes.preprocessing_functions - INFO - read_data(): Read data from path data_subset
2024-07-25 15:40:54,053 - classes.preprocessing_functions - INFO - read_data(): 1 variables are read: ['f3']
2024-07-25 15:41:51,188 - classes.preprocessing_functions - INFO - read_data(): Number of files read 648
2024-07-25 15:41:51,242 - classes.preprocessing_functions - INFO - add_padding(): Matching the length of the time series adding padding
2024-07-25 15:55:15,008 - classes.preprocessing_functions - INFO - read_data(): Read data from path data_subset
2024-07-25 15:55:15,015 - classes.preprocessing_functions - INFO - read_data(): 1 variables are read: ['f3']
2024-07-25 15:55:41,213 - classes.preprocessing_functions - INFO - read_data(): Number of files read 648
2024-07-25 15:55:41,237 - classes.preprocessing_functions - INFO - add_padding(): Matching the length of the time series adding padding
2024-07-25 16:00:24,611 - classes.preprocessing_functions - INFO - read_data(): Read data from path data_subset
2024-07-25 16:00:24,614 - classes.preprocessing_functions - INFO - read_data(): 1 variables are read: ['f3']
2024-07-25 16:00:43,135 - classes.preprocessing_functions - INFO - read_data(): Read data from path data_subset
2024-07-25 16:00:43,138 - classes.preprocessing_functions - INFO - read_data(): 1 variables are read: ['f3']
2024-07-25 16:01:07,355 - classes.preprocessing_functions - INFO - read_data(): Number of files read 648
2024-07-25 16:01:07,502 - classes.preprocessing_functions - INFO - add_padding(): Matching the length of the time series adding padding
2024-07-25 16:05:26,853 - classes.preprocessing_functions - INFO - read_data(): Read data from path data_subset
2024-07-25 16:05:26,856 - classes.preprocessing_functions - INFO - read_data(): 1 variables are read: ['f3']
2024-07-25 16:05:43,717 - classes.preprocessing_functions - INFO - read_data(): Number of files read 648
2024-07-25 16:05:43,741 - classes.preprocessing_functions - INFO - add_padding(): Matching the length of the time series adding padding
2024-07-25 16:20:30,642 - classes.preprocessing_functions - INFO - read_data(): Read data from path data_subset
2024-07-25 16:20:30,645 - classes.preprocessing_functions - INFO - read_data(): 1 variables are read: ['f3']
2024-07-25 16:20:44,151 - classes.preprocessing_functions - INFO - read_data(): Read data from path data_subset
2024-07-25 16:20:44,154 - classes.preprocessing_functions - INFO - read_data(): 1 variables are read: ['f3']
2024-07-25 16:21:06,128 - classes.preprocessing_functions - INFO - read_data(): Number of files read 648
2024-07-25 16:21:06,139 - classes.preprocessing_functions - INFO - add_padding(): Matching the length of the time series adding padding
2024-07-25 16:50:34,898 - classes.preprocessing_functions - INFO - read_data(): Read data from path data_subset
2024-07-25 16:50:34,900 - classes.preprocessing_functions - INFO - read_data(): 1 variables are read: ['f3']
2024-07-25 16:50:56,566 - classes.preprocessing_functions - INFO - read_data(): Number of files read 648
2024-07-25 16:50:56,594 - classes.preprocessing_functions - INFO - add_padding(): Matching the length of the time series adding padding
2024-07-25 16:56:57,460 - classes.preprocessing_functions - INFO - read_data(): Read data from path data_subset
2024-07-25 16:56:57,464 - classes.preprocessing_functions - INFO - read_data(): 1 variables are read: ['f3']
2024-07-25 16:57:16,792 - classes.preprocessing_functions - INFO - read_data(): Number of files read 648
2024-07-25 16:57:16,833 - classes.preprocessing_functions - INFO - add_padding(): Matching the length of the time series adding padding
